<?xml version="1.0" encoding="utf-8"?><testsuites name="pytest tests"><testsuite name="pytest" errors="0" failures="0" skipped="0" tests="21" time="5.505" timestamp="2026-05-11T14:34:24.004143+00:00" hostname="agent-env-cc810819-7736-479d-b47b-1e36963f1083"><testcase classname="backend.tests.backend_test.TestPublicContent" name="test_specialities_count_20" time="0.161" /><testcase classname="backend.tests.backend_test.TestPublicContent" name="test_doctors_count_12" time="0.071" /><testcase classname="backend.tests.backend_test.TestPublicContent" name="test_doctors_filter_cardiology" time="0.087" /><testcase classname="backend.tests.backend_test.TestPublicContent" name="test_doctor_by_id" time="0.132" /><testcase classname="backend.tests.backend_test.TestPublicContent" name="test_doctor_not_found" time="0.071" /><testcase classname="backend.tests.backend_test.TestPublicContent" name="test_reviews_count_5" time="0.075" /><testcase classname="backend.tests.backend_test.TestSubmissions" name="test_create_appointment" time="0.071" /><testcase classname="backend.tests.backend_test.TestSubmissions" name="test_create_contact" time="0.102" /><testcase classname="backend.tests.backend_test.TestAuth" name="test_login_invalid" time="0.358" /><testcase classname="backend.tests.backend_test.TestAuth" name="test_login_success_sets_cookies" time="0.337" /><testcase classname="backend.tests.backend_test.TestAuth" name="test_me_with_cookie" time="0.514" /><testcase classname="backend.tests.backend_test.TestAuth" name="test_me_without_cookie" time="0.178" /><testcase classname="backend.tests.backend_test.TestAuth" name="test_logout_clears_cookies" time="0.436" /><testcase classname="backend.tests.backend_test.TestAdminRBAC" name="test_admin_appointments_unauth" time="1.020" /><testcase classname="backend.tests.backend_test.TestAdminRBAC" name="test_admin_appointments_auth" time="0.071" /><testcase classname="backend.tests.backend_test.TestAdminRBAC" name="test_admin_contacts_unauth" time="0.310" /><testcase classname="backend.tests.backend_test.TestAdminRBAC" name="test_admin_contacts_auth" time="0.074" /><testcase classname="backend.tests.backend_test.TestAdminDoctorCRUD" name="test_create_and_get" time="0.145" /><testcase classname="backend.tests.backend_test.TestAdminDoctorCRUD" name="test_update_and_get" time="0.139" /><testcase classname="backend.tests.backend_test.TestAdminDoctorCRUD" name="test_photo_upload_and_serve" time="0.643" /><testcase classname="backend.tests.backend_test.TestAdminDoctorCRUD" name="test_delete_doctor" time="0.427" /></testsuite></testsuites>